Virtual User Script started at : 5/9/2017 10:45:07 AM
Starting action vuser_init.
Web Turbo Replay of LoadRunner 12.53.0 for Windows 7; build 1203 (May 09 2017 19:13:20)  	[MsgId: MMSG-26983]
Run mode: HTML  	[MsgId: MMSG-26993]
Replay user agent: Mozilla/5.0 (Windows NT 6.1; WOW64; Trident/7.0; rv:11.0) like Gecko  	[MsgId: MMSG-26988]
Run-Time Settings file: "C:\Users\sjenner\Documents\VuGen\Scripts\WebHttpHtml18\\default.cfg"  	[MsgId: MMSG-27141]
Ending action vuser_init.
Running Vuser...
Starting iteration 1.
Maximum number of concurrent connections per server: 6  	[MsgId: MMSG-26989]
Starting action Action.
Action.c(4): web_set_sockets_option started  	[MsgId: MMSG-26355]
Action.c(4): web_set_sockets_option was successful  	[MsgId: MMSG-26392]
Action.c(6): web_reg_find started  	[MsgId: MMSG-26355]
Action.c(6): Registering web_reg_find was successful  	[MsgId: MMSG-26390]
Action.c(9): web_url("integrations") started  	[MsgId: MMSG-26355]
Action.c(9): Found resource "https://assets-cdn.github.com/assets/frameworks-81a59bf26d881d29286674f6deefe779c444382fff322085b50ba455460ccae5.css" in HTML "https://github.com/integrations?page=2"  	[MsgId: MMSG-26659]
Action.c(9): Found resource "https://assets-cdn.github.com/assets/github-64951a579f72746470cd6d8d29a3170eb697f3b1e3a7472c5787af321ad3cfc9.css" in HTML "https://github.com/integrations?page=2"  	[MsgId: MMSG-26659]
Action.c(9): Found resource "https://assets-cdn.github.com/assets/site-7d9c6bd23286465361abfa183deb8a05eabb77438ab42033e8230c0c0768d539.css" in HTML "https://github.com/integrations?page=2"  	[MsgId: MMSG-26659]
Action.c(9): Found resource "https://assets-cdn.github.com/images/modules/integrations/integrations-directory-graphic.svg?v=1" in HTML "https://github.com/integrations?page=2"  	[MsgId: MMSG-26659]
Action.c(9): Found resource "https://assets-cdn.github.com/images/spinners/octocat-spinner-32.gif" in HTML "https://github.com/integrations?page=2"  	[MsgId: MMSG-26659]
Action.c(9): Found resource "https://avatars2.githubusercontent.com/oa/138476?v=3&u=cb552a5d98c822ceaa839c8f5e44aeb655103d6d&s=128" in HTML "https://github.com/integrations?page=2"  	[MsgId: MMSG-26659]
Action.c(9): Found resource "https://avatars3.githubusercontent.com/oa/160850?v=3&u=6be86bd276ebc2a1857dac2ff666f44b6ffd73a1&s=128" in HTML "https://github.com/integrations?page=2"  	[MsgId: MMSG-26659]
Action.c(9): Found resource "https://avatars2.githubusercontent.com/oa/247117?v=3&u=d5345dc6a476afe6d2843f810c5e3708091f019f&s=128" in HTML "https://github.com/integrations?page=2"  	[MsgId: MMSG-26659]
Action.c(9): Found resource "https://avatars0.githubusercontent.com/oa/408670?v=3&u=172b06cf7f77e4ec0a094609b069dd34de31b361&s=128" in HTML "https://github.com/integrations?page=2"  	[MsgId: MMSG-26659]
Action.c(9): Found resource "https://avatars3.githubusercontent.com/oa/315331?v=3&u=535d2a54e101c50add8e1edd08218bf45330e336&s=128" in HTML "https://github.com/integrations?page=2"  	[MsgId: MMSG-26659]
Action.c(9): Found resource "https://avatars2.githubusercontent.com/oa/402552?v=3&u=b2c34ea83355c050f1f9732ffce3eba9e440d4c6&s=128" in HTML "https://github.com/integrations?page=2"  	[MsgId: MMSG-26659]
Action.c(9): Found resource "https://avatars1.githubusercontent.com/u/2828361?v=3&s=128" in HTML "https://github.com/integrations?page=2"  	[MsgId: MMSG-26659]
Action.c(9): Found resource "https://avatars3.githubusercontent.com/oa/196006?v=3&u=ddd5032742942cee507bfb7b4651e46a49306024&s=128" in HTML "https://github.com/integrations?page=2"  	[MsgId: MMSG-26659]
Action.c(9): Found resource "https://avatars0.githubusercontent.com/oa/416927?v=3&u=4574e13994f1ecebd08d41b24da93ba113ff716c&s=128" in HTML "https://github.com/integrations?page=2"  	[MsgId: MMSG-26659]
Action.c(9): Found resource "https://avatars3.githubusercontent.com/oa/420450?v=3&u=c9d0c01b5997905f42f1ebac80edeb3a361d8855&s=128" in HTML "https://github.com/integrations?page=2"  	[MsgId: MMSG-26659]
Action.c(9): Found resource "https://avatars2.githubusercontent.com/oa/117514?v=3&u=f5bc93150a0ab17d693f6c71629caa3d07feb72a&s=128" in HTML "https://github.com/integrations?page=2"  	[MsgId: MMSG-26659]
Action.c(9): Found resource "https://avatars2.githubusercontent.com/oa/57624?v=3&u=3258844ba5ba846f5c75800d9bf0b92e23a4b882&s=128" in HTML "https://github.com/integrations?page=2"  	[MsgId: MMSG-26659]
Action.c(9): Found resource "https://avatars2.githubusercontent.com/oa/208454?v=3&u=01aa6e0055477c211bac5e280e414e235fd0f226&s=128" in HTML "https://github.com/integrations?page=2"  	[MsgId: MMSG-26659]
Action.c(9): Found resource "https://avatars0.githubusercontent.com/oa/426213?v=3&u=2aafc8e43cb363f7ee848bc5c9f9b2d4ba637d90&s=128" in HTML "https://github.com/integrations?page=2"  	[MsgId: MMSG-26659]
Action.c(9): Found resource "https://avatars1.githubusercontent.com/oa/194564?v=3&u=adb8c827b4a0c02c998426d9b99040916c67a202&s=128" in HTML "https://github.com/integrations?page=2"  	[MsgId: MMSG-26659]
Action.c(9): Found resource "https://avatars0.githubusercontent.com/oa/331955?v=3&u=1d2c0bc429edb36fd011da11668eef5bb3cd8421&s=128" in HTML "https://github.com/integrations?page=2"  	[MsgId: MMSG-26659]
Action.c(9): Found resource "https://avatars1.githubusercontent.com/oa/89384?v=3&u=7f5c70bde470a371439568adee012a86f839969a&s=128" in HTML "https://github.com/integrations?page=2"  	[MsgId: MMSG-26659]
Action.c(9): Found resource "https://avatars0.githubusercontent.com/oa/448193?v=3&u=a121f1e166fe380d0077a670afe7d0faa0d46f23&s=128" in HTML "https://github.com/integrations?page=2"  	[MsgId: MMSG-26659]
Action.c(9): Found resource "https://avatars3.githubusercontent.com/oa/318313?v=3&u=24e3e55731f09c19fb2949a0d980aeaf5f86024b&s=128" in HTML "https://github.com/integrations?page=2"  	[MsgId: MMSG-26659]
Action.c(9): Found resource "https://avatars2.githubusercontent.com/oa/460593?v=3&u=bf9ebba38ee03d0b7e2ad615eacef1b51ee55db8&s=128" in HTML "https://github.com/integrations?page=2"  	[MsgId: MMSG-26659]
Action.c(9): Found resource "https://avatars2.githubusercontent.com/oa/268921?v=3&u=50b822220ea0573cdcb519277dab424be8c26348&s=128" in HTML "https://github.com/integrations?page=2"  	[MsgId: MMSG-26659]
Action.c(9): Found resource "https://avatars1.githubusercontent.com/oa/278868?v=3&u=7b252bf3d28a75e805b4b6329aa685be687eff10&s=128" in HTML "https://github.com/integrations?page=2"  	[MsgId: MMSG-26659]
Action.c(9): Found resource "https://avatars3.githubusercontent.com/oa/418262?v=3&u=2362a79347b2f13b221ae4ecdeaf200162e302ae&s=128" in HTML "https://github.com/integrations?page=2"  	[MsgId: MMSG-26659]
Action.c(9): Found resource "https://avatars1.githubusercontent.com/oa/344824?v=3&u=ddf2832546854cc9fd25c75823dae4ea63028fb4&s=128" in HTML "https://github.com/integrations?page=2"  	[MsgId: MMSG-26659]
Action.c(9): Found resource "https://avatars0.githubusercontent.com/oa/482156?v=3&u=7a598255cbae459cbd50dbd4167828f7eb89e30e&s=128" in HTML "https://github.com/integrations?page=2"  	[MsgId: MMSG-26659]
Action.c(9): Found resource "https://avatars3.githubusercontent.com/oa/274664?v=3&u=ea06826c5d22c333b39c708811c4fa15ae0e9421&s=128" in HTML "https://github.com/integrations?page=2"  	[MsgId: MMSG-26659]
Action.c(9): Found resource "https://avatars2.githubusercontent.com/oa/221520?v=3&u=77c9d08814edc42d31c7b366acaf33a1b109c55d&s=128" in HTML "https://github.com/integrations?page=2"  	[MsgId: MMSG-26659]
Action.c(9): Found resource "https://avatars2.githubusercontent.com/oa/333119?v=3&u=7575e358eeec20588aece2d112bdb2352bde565a&s=128" in HTML "https://github.com/integrations?page=2"  	[MsgId: MMSG-26659]
Action.c(9): Found resource "https://avatars0.githubusercontent.com/u/1744073?v=3&s=128" in HTML "https://github.com/integrations?page=2"  	[MsgId: MMSG-26659]
Action.c(9): Found resource "https://avatars3.githubusercontent.com/oa/329719?v=3&u=4b1e4b920c5cd15b963f13741f72774c353129b6&s=128" in HTML "https://github.com/integrations?page=2"  	[MsgId: MMSG-26659]
Action.c(9): Found resource "https://avatars1.githubusercontent.com/oa/448902?v=3&u=5217e146fe44a6f40d4a6a4192e7f4661dc825f1&s=128" in HTML "https://github.com/integrations?page=2"  	[MsgId: MMSG-26659]
Action.c(9): Found resource "https://avatars0.githubusercontent.com/oa/227850?v=3&u=160976e3ff9e354c1561925d50a94cc3bf35befa&s=128" in HTML "https://github.com/integrations?page=2"  	[MsgId: MMSG-26659]
Action.c(9): Found resource "https://avatars1.githubusercontent.com/oa/322706?v=3&u=fe57f337a1e62c4292c13f7bd91e4111bb9fa685&s=128" in HTML "https://github.com/integrations?page=2"  	[MsgId: MMSG-26659]
Action.c(9): Found resource "https://avatars2.githubusercontent.com/oa/173856?v=3&u=7b44a255340b0d99a7b5e5c2bdd09b022de61c45&s=128" in HTML "https://github.com/integrations?page=2"  	[MsgId: MMSG-26659]
Action.c(9): Found resource "https://avatars2.githubusercontent.com/u/1015434?v=3&s=128" in HTML "https://github.com/integrations?page=2"  	[MsgId: MMSG-26659]
Action.c(9): Found resource "https://avatars2.githubusercontent.com/oa/504504?v=3&u=6de7c4dbef2eb2bdcc9dabe9bec6dbcd06804c24&s=128" in HTML "https://github.com/integrations?page=2"  	[MsgId: MMSG-26659]
Action.c(9): Found resource "https://avatars3.githubusercontent.com/oa/236938?v=3&u=07f4d233afb48b5dcf81da9b238e9cc03d543943&s=128" in HTML "https://github.com/integrations?page=2"  	[MsgId: MMSG-26659]
Action.c(9): Found resource "https://avatars1.githubusercontent.com/oa/237937?v=3&u=16fcaa239fae5f887b779cbf24fc5b5e20a6629a&s=128" in HTML "https://github.com/integrations?page=2"  	[MsgId: MMSG-26659]
Action.c(9): Found resource "https://assets-cdn.github.com/assets/compat-8a4318ffea09a0cdb8214b76cf2926b9f6a0ced318a317bed419db19214c690d.js" in HTML "https://github.com/integrations?page=2"  	[MsgId: MMSG-26659]
Action.c(9): Found resource "https://assets-cdn.github.com/assets/frameworks-76be52c9faebaebe84a0b8393c3c2aac7beda7c9aecdeb052838caaf50dbf07b.js" in HTML "https://github.com/integrations?page=2"  	[MsgId: MMSG-26659]
Action.c(9): Found resource "https://assets-cdn.github.com/assets/github-14cc3a39b98e06257b141cbb03946ca3bcf1ef20fcab1c6fdcdba64b26480082.js" in HTML "https://github.com/integrations?page=2"  	[MsgId: MMSG-26659]
Action.c(9): Registered web_reg_find successful for "Text=Integrations Directory · GitHub" (count=1)  	[MsgId: MMSG-26364]
Action.c(9): web_url("integrations") was successful, 632183 body bytes, 41560 header bytes, 13 chunking overhead bytes  	[MsgId: MMSG-26385]
Action.c(18): web_add_cookie started  	[MsgId: MMSG-26355]
Action.c(18): web_add_cookie was successful  	[MsgId: MMSG-26392]
Action.c(20): web_add_cookie started  	[MsgId: MMSG-26355]
Action.c(20): web_add_cookie was successful  	[MsgId: MMSG-26392]
Action.c(22): web_add_cookie started  	[MsgId: MMSG-26355]
Action.c(22): web_add_cookie was successful  	[MsgId: MMSG-26392]
Action.c(24): web_add_cookie started  	[MsgId: MMSG-26355]
Action.c(24): web_add_cookie was successful  	[MsgId: MMSG-26392]
Action.c(26): web_add_cookie started  	[MsgId: MMSG-26355]
Action.c(26): web_add_cookie was successful  	[MsgId: MMSG-26392]
Action.c(28): web_add_cookie started  	[MsgId: MMSG-26355]
Action.c(28): web_add_cookie was successful  	[MsgId: MMSG-26392]
Action.c(30): web_add_cookie started  	[MsgId: MMSG-26355]
Action.c(30): web_add_cookie was successful  	[MsgId: MMSG-26392]
Action.c(32): web_add_cookie started  	[MsgId: MMSG-26355]
Action.c(32): web_add_cookie was successful  	[MsgId: MMSG-26392]
Action.c(34): web_add_cookie started  	[MsgId: MMSG-26355]
Action.c(34): web_add_cookie was successful  	[MsgId: MMSG-26392]
Action.c(36): web_add_cookie started  	[MsgId: MMSG-26355]
Action.c(36): web_add_cookie was successful  	[MsgId: MMSG-26392]
Action.c(38): web_url("iecompatviewlist.xml") started  	[MsgId: MMSG-26355]
Action.c(38): web_url("iecompatviewlist.xml") was successful, 34709 body bytes, 506 header bytes  	[MsgId: MMSG-26386]
Ending action Action.
Ending iteration 1.
Ending Vuser...
Starting action vuser_end.
Ending action vuser_end.
Vuser Terminated.
